<?xml version="1.0" encoding="UTF-8"?>
<!-- Generated by org.testng.reporters.JUnitReportReporter -->
<testsuite hostname="CIDC070" failures="0" tests="1" name="com.project.LoginTest.LoginTest" time="4.669" errors="0" timestamp="2023-07-05T19:08:59 IST" skipped="0">
  <testcase classname="com.project.LoginTest.LoginTest" name="loginTest" time="4.669"/>
</testsuite> <!-- com.project.LoginTest.LoginTest -->
