<?xml version="1.0" encoding="UTF-8"?>
<!-- Generated by org.testng.reporters.JUnitReportReporter -->
<testsuite hostname="CIDC070" failures="0" tests="1" name="com.AlliedInsulation.LoginTest.LoginTest" time="2.080" errors="0" timestamp="2023-07-06T14:11:19 IST" skipped="0">
  <testcase classname="com.AlliedInsulation.LoginTest.LoginTest" name="loginTest" time="2.080"/>
</testsuite> <!-- com.AlliedInsulation.LoginTest.LoginTest -->
