<?xml version="1.0" encoding="UTF-8"?>
<!-- Generated by org.testng.reporters.JUnitReportReporter -->
<testsuite hostname="CIDC070" failures="0" tests="4" name="com.AlliedInsulation.LoginTest.LoginTestValidation" time="18.993" errors="0" timestamp="2023-07-11T12:24:33 IST" skipped="0">
  <testcase classname="com.AlliedInsulation.LoginTest.LoginTestValidation" name="loginValidationTestWithInvalid" time="6.604"/>
  <testcase classname="com.AlliedInsulation.LoginTest.LoginTestValidation" name="loginValidationTestWithInvalid" time="3.037"/>
  <testcase classname="com.AlliedInsulation.LoginTest.LoginTestValidation" name="loginValidationTestWithInvalid" time="3.250"/>
  <testcase classname="com.AlliedInsulation.LoginTest.LoginTestValidation" name="loginValidationTestWithInvalid" time="6.102"/>
</testsuite> <!-- com.AlliedInsulation.LoginTest.LoginTestValidation -->
