<?xml version="1.0" encoding="UTF-8"?>
<!-- Generated by org.testng.reporters.JUnitReportReporter -->
<testsuite hostname="CIDC070" failures="0" tests="1" name="com.AlliedInsulation.LoginTest.LoginTestCase" time="9.615" errors="0" timestamp="2023-07-11T09:56:01 IST" skipped="0">
  <testcase classname="com.AlliedInsulation.LoginTest.LoginTestCase" name="loginPageValidation" time="9.615"/>
</testsuite> <!-- com.AlliedInsulation.LoginTest.LoginTestCase -->
