<?xml version="1.0" encoding="UTF-8"?>
<!-- Generated by org.testng.reporters.JUnitReportReporter -->
<testsuite hostname="CIDC070" failures="0" tests="4" name="com.AlliedInsulation.LoginTest.LoginTestValidations" time="12.279" errors="0" timestamp="2023-07-06T12:58:19 IST" skipped="0">
  <testcase classname="com.AlliedInsulation.LoginTest.LoginTestValidations" name="loginValidationTest" time="3.555"/>
  <testcase classname="com.AlliedInsulation.LoginTest.LoginTestValidations" name="loginValidationTest" time="1.776"/>
  <testcase classname="com.AlliedInsulation.LoginTest.LoginTestValidations" name="loginValidationTest" time="3.983"/>
  <testcase classname="com.AlliedInsulation.LoginTest.LoginTestValidations" name="loginValidationTest" time="2.965"/>
</testsuite> <!-- com.AlliedInsulation.LoginTest.LoginTestValidations -->
