<?xml version="1.0" encoding="UTF-8"?>
<!-- Generated by org.testng.reporters.JUnitReportReporter -->
<testsuite hostname="CIDC070" failures="0" tests="1" name="com.AlliedInsulation.testCases.LoginTestCase" time="7.036" errors="0" timestamp="2023-07-11T17:19:21 IST" skipped="0">
  <testcase classname="com.AlliedInsulation.testCases.LoginTestCase" name="loginPageValidation" time="7.036"/>
</testsuite> <!-- com.AlliedInsulation.testCases.LoginTestCase -->
