<?xml version="1.0" encoding="UTF-8"?>
<!-- Generated by org.testng.reporters.JUnitReportReporter -->
<testsuite hostname="CIDC070" failures="0" tests="5" name="com.AlliedInsulation.testCases.LoginTestValidation" time="22.540" errors="0" timestamp="2023-07-11T21:47:30 IST" skipped="0">
  <testcase classname="com.AlliedInsulation.testCases.LoginTestValidation" name="loginValidationTestWithInvalid" time="2.733"/>
  <testcase classname="com.AlliedInsulation.testCases.LoginTestValidation" name="loginValidationTestWithInvalid" time="1.693"/>
  <testcase classname="com.AlliedInsulation.testCases.LoginTestValidation" name="loginPageValidation" time="14.691"/>
  <testcase classname="com.AlliedInsulation.testCases.LoginTestValidation" name="loginValidationTestWithInvalid" time="2.056"/>
  <testcase classname="com.AlliedInsulation.testCases.LoginTestValidation" name="loginValidationTestWithInvalid" time="1.367"/>
</testsuite> <!-- com.AlliedInsulation.testCases.LoginTestValidation -->
