<?xml version="1.0" encoding="UTF-8"?>
<!-- Generated by org.testng.reporters.JUnitReportReporter -->
<testsuite hostname="CIDC070" failures="0" tests="2" name="com.project.LoginTest.Login" time="11.520" errors="0" timestamp="2023-07-04T14:04:31 IST" skipped="0">
  <testcase classname="com.project.LoginTest.Login" name="loginTest" time="4.887"/>
  <testcase classname="com.project.LoginTest.Login" name="loginTest" time="6.633"/>
</testsuite> <!-- com.project.LoginTest.Login -->
