<?xml version="1.0" encoding="UTF-8"?>
<!-- Generated by org.testng.reporters.JUnitReportReporter -->
<testsuite hostname="CIDC070" failures="0" tests="1" name="com.AlliedInsulation.testCases.DashboardTestValidation" time="14.404" errors="0" timestamp="2023-07-11T21:47:30 IST" skipped="0">
  <testcase classname="com.AlliedInsulation.testCases.DashboardTestValidation" name="checkDashboardPage" time="14.404"/>
</testsuite> <!-- com.AlliedInsulation.testCases.DashboardTestValidation -->
