<?xml version="1.0" encoding="UTF-8"?>
<!-- Generated by org.testng.reporters.JUnitReportReporter -->
<testsuite hostname="CIDC070" failures="0" tests="4" name="com.project.LoginTest.LoginTestValidations" time="7.468" errors="0" timestamp="2023-07-05T18:28:28 IST" skipped="0">
  <testcase classname="com.project.LoginTest.LoginTestValidations" name="loginValidationTest" time="1.629"/>
  <testcase classname="com.project.LoginTest.LoginTestValidations" name="loginValidationTest" time="2.135"/>
  <testcase classname="com.project.LoginTest.LoginTestValidations" name="loginValidationTest" time="1.876"/>
  <testcase classname="com.project.LoginTest.LoginTestValidations" name="loginValidationTest" time="1.828"/>
</testsuite> <!-- com.project.LoginTest.LoginTestValidations -->
